#
# A fatal error has been detected by the Java Runtime Environment:
#
#  EXCEPTION_ACCESS_VIOLATION (0xc0000005) at pc=0x61948956, pid=7516, tid=0x000007c8
#
# JRE version: Java(TM) SE Runtime Environment (8.0_191-b12) (build 1.8.0_191-b12)
# Java VM: Java HotSpot(TM) Client VM (25.191-b12 mixed mode windows-x86 )
# Problematic frame:
# C  [listSerialsj.dll+0x8956]
#
# Failed to write core dump. Minidumps are not enabled by default on client versions of Windows
#
# If you would like to submit a bug report, please visit:
#   http://bugreport.java.com/bugreport/crash.jsp
# The crash happened outside the Java Virtual Machine in native code.
# See problematic frame for where to report the bug.
#

---------------  T H R E A D  ---------------

Current thread (0x28540400):  JavaThread "cc.arduino.packages.discoverers.serial.SerialBoardsLister" [_thread_in_native, id=1992, stack(0x27a50000,0x27aa0000)]

siginfo: ExceptionCode=0xc0000005, writing address 0x0000004c

Registers:
EAX=0x00000000, EBX=0x00000000, ECX=0x66a668d7, EDX=0x00000000
ESP=0x27a9ebf0, EBP=0x2bea2780, ESI=0x0000004c, EDI=0x75f06850
EIP=0x61948956, EFLAGS=0x00010206

Top of Stack: (sp=0x27a9ebf0)
0x27a9ebf0:   0000fde9 00000000 2bea2780 ffffffff
0x27a9ec00:   00000000 0000004c 00000000 00000000
0x27a9ec10:   000000a0 2bea2778 000000a0 28087d00
0x27a9ec20:   00000be0 00000001 27a9ec88 61948cea
0x27a9ec30:   00000be0 00220414 2bea2778 000000a0
0x27a9ec40:   2bea2778 000000a0 27a9ec88 00000000
0x27a9ec50:   00000000 00000000 6194da4f 75f01190
0x27a9ec60:   2807d6d0 00000003 00000000 2bea2778 

Instructions: (pc=0x61948956)
0x61948936:   89 44 24 10 c7 44 24 0c ff ff ff ff c7 44 24 04
0x61948946:   00 00 00 00 c7 04 24 e9 fd 00 00 ff d7 83 ec 20
0x61948956:   c6 04 33 00 89 d8 83 c4 2c 5b 5e 5f 5d c3 8d b6
0x61948966:   00 00 00 00 8d bf 00 00 00 00 57 56 89 ce 53 b9 


Register to memory mapping:

EAX=0x00000000 is an unknown value
EBX=0x00000000 is an unknown value
ECX=0x66a668d7 is an unknown value
EDX=0x00000000 is an unknown value
ESP=0x27a9ebf0 is pointing into the stack for thread: 0x28540400
EBP=0x2bea2780 is an unknown value
ESI=0x0000004c is an unknown value
EDI=0x75f06850 is an unknown value


Stack: [0x27a50000,0x27aa0000],  sp=0x27a9ebf0,  free space=314k
Native frames: (J=compiled Java code, j=interpreted, Vv=VM code, C=native code)
C  [listSerialsj.dll+0x8956]

Java frames: (J=compiled Java code, j=interpreted, Vv=VM code)
J 2314  processing.app.Platform.listSerialsNative()[Ljava/lang/String; (0 bytes) @ 0x038100cf [0x03810090+0x3f]
J 2325 C1 cc.arduino.packages.discoverers.serial.SerialBoardsLister.retriggerDiscovery(Z)V (765 bytes) @ 0x03812c74 [0x03812b20+0x154]
J 2326 C1 cc.arduino.packages.discoverers.serial.SerialBoardsLister.run()V (13 bytes) @ 0x038166d4 [0x03816690+0x44]
J 2264% C1 java.util.TimerThread.mainLoop()V (232 bytes) @ 0x037f8d14 [0x037f88e0+0x434]
j  java.util.TimerThread.run()V+1
v  ~StubRoutines::call_stub

---------------  P R O C E S S  ---------------

Java Threads: ( => current thread )
  0x2a06e400 JavaThread "JmDNS(eceb-vlasov-sv2-ad-uillinois-edu.local.).State.Timer" [_thread_blocked, id=8468, stack(0x267a0000,0x267f0000)]
  0x2a068c00 JavaThread "JmDNS(eceb-vlasov-sv2-ad-uillinois-edu.local.).Timer" daemon [_thread_blocked, id=8300, stack(0x26710000,0x26760000)]
  0x2a068800 JavaThread "SocketListener(eceb-vlasov-sv2-ad-uillinois-edu.local.)" daemon [_thread_in_native, id=10652, stack(0x26680000,0x266d0000)]
  0x2a067c00 JavaThread "JmDNS(eceb-vlasov-sv2-ad-uillinois-edu.local.).State.Timer" [_thread_blocked, id=12480, stack(0x265b0000,0x26600000)]
  0x2a06c000 JavaThread "JmDNS(eceb-vlasov-sv2-ad-uillinois-edu.local.).Timer" daemon [_thread_blocked, id=10976, stack(0x26520000,0x26570000)]
  0x2a068000 JavaThread "SocketListener(eceb-vlasov-sv2-ad-uillinois-edu.local.)" daemon [_thread_in_native, id=14216, stack(0x26490000,0x264e0000)]
  0x2a06b400 JavaThread "JmDNS(eceb-vlasov-sv2-ad-uillinois-edu.local.).State.Timer" [_thread_blocked, id=9692, stack(0x26400000,0x26450000)]
  0x2a06a800 JavaThread "JmDNS(eceb-vlasov-sv2-ad-uillinois-edu.local.).Timer" daemon [_thread_blocked, id=5484, stack(0x26370000,0x263c0000)]
  0x2a06d400 JavaThread "SocketListener(eceb-vlasov-sv2-ad-uillinois-edu.local.)" daemon [_thread_in_native, id=11388, stack(0x262b0000,0x26300000)]
  0x2a06cc00 JavaThread "JmDNS(eceb-vlasov-sv2-ad-uillinois-edu.local.).State.Timer" [_thread_blocked, id=5352, stack(0x26260000,0x262b0000)]
  0x2a06ac00 JavaThread "JmDNS(eceb-vlasov-sv2-ad-uillinois-edu.local.).Timer" daemon [_thread_blocked, id=6304, stack(0x261d0000,0x26220000)]
  0x2a067400 JavaThread "SocketListener(eceb-vlasov-sv2-ad-uillinois-edu.local.)" daemon [_thread_in_native, id=11908, stack(0x26140000,0x26190000)]
  0x2a06c400 JavaThread "DestroyJavaVM" [_thread_blocked, id=11752, stack(0x02f60000,0x02fb0000)]
  0x2a06e000 JavaThread "JmDNS(eceb-vlasov-sv2-ad-uillinois-edu.local.).State.Timer" [_thread_blocked, id=12116, stack(0x2b2c0000,0x2b310000)]
  0x2a069400 JavaThread "JmDNS(eceb-vlasov-sv2-ad-uillinois-edu.local.).Timer" daemon [_thread_blocked, id=13536, stack(0x2b230000,0x2b280000)]
  0x2a066c00 JavaThread "SocketListener(eceb-vlasov-sv2-ad-uillinois-edu.local.)" daemon [_thread_in_native, id=12908, stack(0x2b1a0000,0x2b1f0000)]
  0x26f73c00 JavaThread "TimerQueue" daemon [_thread_blocked, id=1580, stack(0x2b010000,0x2b060000)]
  0x26f76800 JavaThread "Batik CleanerThread" daemon [_thread_blocked, id=13736, stack(0x29210000,0x29260000)]
  0x26f74400 JavaThread "JmDNS(eceb-vlasov-sv2-ad-uillinois-edu.local.).State.Timer" [_thread_blocked, id=12984, stack(0x28ef0000,0x28f40000)]
  0x26f75800 JavaThread "JmDNS(eceb-vlasov-sv2-ad-uillinois-edu.local.).Timer" daemon [_thread_blocked, id=6312, stack(0x28e60000,0x28eb0000)]
  0x26f75c00 JavaThread "SocketListener(eceb-vlasov-sv2-ad-uillinois-edu.local.)" daemon [_thread_in_native, id=288, stack(0x281b0000,0x28200000)]
  0x26f75000 JavaThread "AWT-EventQueue-0" [_thread_blocked, id=8408, stack(0x27e20000,0x27e70000)]
  0x26f76400 JavaThread "AWT-Shutdown" [_thread_blocked, id=12632, stack(0x27580000,0x275d0000)]
  0x2853fc00 JavaThread "Multihomed mDNS.Timer" daemon [_thread_blocked, id=4784, stack(0x278a0000,0x278f0000)]
=>0x28540400 JavaThread "cc.arduino.packages.discoverers.serial.SerialBoardsLister" [_thread_in_native, id=1992, stack(0x27a50000,0x27aa0000)]
  0x28507400 JavaThread "Thread-5" [_thread_in_native, id=13020, stack(0x279c0000,0x27a10000)]
  0x2715bc00 JavaThread "AWT-Windows" daemon [_thread_in_native, id=9124, stack(0x27610000,0x27660000)]
  0x2715a400 JavaThread "Java2D Disposer" daemon [_thread_blocked, id=6888, stack(0x274f0000,0x27540000)]
  0x2697b000 JavaThread "Service Thread" daemon [_thread_blocked, id=9028, stack(0x26de0000,0x26e30000)]
  0x26972c00 JavaThread "C1 CompilerThread0" daemon [_thread_blocked, id=1220, stack(0x26d50000,0x26da0000)]
  0x26971000 JavaThread "Attach Listener" daemon [_thread_blocked, id=8052, stack(0x26cc0000,0x26d10000)]
  0x2696f000 JavaThread "Signal Dispatcher" daemon [_thread_blocked, id=11360, stack(0x26c30000,0x26c80000)]
  0x2695e800 JavaThread "Finalizer" daemon [_thread_blocked, id=1540, stack(0x25d40000,0x25d90000)]
  0x26958400 JavaThread "Reference Handler" daemon [_thread_blocked, id=1328, stack(0x25cb0000,0x25d00000)]

Other Threads:
  0x26942c00 VMThread [stack: 0x25c20000,0x25c70000] [id=2808]
  0x2697e400 WatcherThread [stack: 0x26e70000,0x26ec0000] [id=13496]

VM state:not at safepoint (normal execution)

VM Mutex/Monitor currently owned by a thread: None

Heap:
 def new generation   total 107968K, used 66166K [0x05600000, 0x0cb20000, 0x100a0000)
  eden space 96000K,  67% used [0x05600000, 0x095789b8, 0x0b3c0000)
  from space 11968K,   9% used [0x0b3c0000, 0x0b4e50f8, 0x0bf70000)
  to   space 11968K,   0% used [0x0bf70000, 0x0bf70000, 0x0cb20000)
 tenured generation   total 239736K, used 230838K [0x100a0000, 0x1eabe000, 0x25600000)
   the space 239736K,  96% used [0x100a0000, 0x1e20db40, 0x1e20dc00, 0x1eabe000)
 Metaspace       used 20921K, capacity 21468K, committed 21760K, reserved 21888K

Card table byte_map: [0x25600000,0x25710000] byte_map_base: 0x255d5000

Polling page: 0x011e0000

CodeCache: size=32768Kb used=2445Kb max_used=4399Kb free=30322Kb
 bounds [0x03400000, 0x03850000, 0x05400000]
 total_blobs=1336 nmethods=1059 adapters=207
 compilation: enabled

Compilation events (10 events):
Event: 673820.451 Thread 0x26972c00 2610             java.util.ComparableTimSort::mergeForceCollapse (50 bytes)
Event: 673820.451 Thread 0x26972c00 nmethod 2610 0x036f34c8 code [0x036f35d0, 0x036f36dc]
Event: 673855.755 Thread 0x26972c00 2611             java.util.HashMap$ValueIterator::next (8 bytes)
Event: 673855.755 Thread 0x26972c00 nmethod 2611 0x036f3288 code [0x036f3390, 0x036f342c]
Event: 675470.626 Thread 0x26972c00 2612             org.slf4j.impl.SimpleLogger::isLevelEnabled (14 bytes)
Event: 675470.626 Thread 0x26972c00 nmethod 2612 0x034f7d48 code [0x034f7e40, 0x034f7ed0]
Event: 675480.617 Thread 0x26972c00 2613             org.slf4j.impl.SimpleLogger::formatAndLog (34 bytes)
Event: 675480.617 Thread 0x26972c00 nmethod 2613 0x036f4948 code [0x036f4a70, 0x036f4bb0]
Event: 685100.195 Thread 0x26972c00 2614   !         java.util.AbstractMap::equals (145 bytes)
Event: 685100.195 Thread 0x26972c00 nmethod 2614 0x036f3f88 code [0x036f4150, 0x036f4530]

GC Heap History (10 events):
Event: 706637.102 GC heap before
{Heap before GC invocations=5462 (full 76):
 def new generation   total 107968K, used 97307K [0x05600000, 0x0cb20000, 0x100a0000)
  eden space 96000K, 100% used [0x05600000, 0x0b3c0000, 0x0b3c0000)
  from space 11968K,  10% used [0x0bf70000, 0x0c0b6f10, 0x0cb20000)
  to   space 11968K,   0% used [0x0b3c0000, 0x0b3c0000, 0x0bf70000)
 tenured generation   total 239736K, used 230406K [0x100a0000, 0x1eabe000, 0x25600000)
   the space 239736K,  96% used [0x100a0000, 0x1e1a18f0, 0x1e1a1a00, 0x1eabe000)
 Metaspace       used 20921K, capacity 21468K, committed 21760K, reserved 21888K
Event: 706637.105 GC heap after
Heap after GC invocations=5463 (full 76):
 def new generation   total 107968K, used 1309K [0x05600000, 0x0cb20000, 0x100a0000)
  eden space 96000K,   0% used [0x05600000, 0x05600000, 0x0b3c0000)
  from space 11968K,  10% used [0x0b3c0000, 0x0b507530, 0x0bf70000)
  to   space 11968K,   0% used [0x0bf70000, 0x0bf70000, 0x0cb20000)
 tenured generation   total 239736K, used 230490K [0x100a0000, 0x1eabe000, 0x25600000)
   the space 239736K,  96% used [0x100a0000, 0x1e1b6830, 0x1e1b6a00, 0x1eabe000)
 Metaspace       used 20921K, capacity 21468K, committed 21760K, reserved 21888K
}
Event: 706888.611 GC heap before
{Heap before GC invocations=5463 (full 76):
 def new generation   total 107968K, used 97309K [0x05600000, 0x0cb20000, 0x100a0000)
  eden space 96000K, 100% used [0x05600000, 0x0b3c0000, 0x0b3c0000)
  from space 11968K,  10% used [0x0b3c0000, 0x0b507530, 0x0bf70000)
  to   space 11968K,   0% used [0x0bf70000, 0x0bf70000, 0x0cb20000)
 tenured generation   total 239736K, used 230490K [0x100a0000, 0x1eabe000, 0x25600000)
   the space 239736K,  96% used [0x100a0000, 0x1e1b6830, 0x1e1b6a00, 0x1eabe000)
 Metaspace       used 20921K, capacity 21468K, committed 21760K, reserved 21888K
Event: 706888.614 GC heap after
Heap after GC invocations=5464 (full 76):
 def new generation   total 107968K, used 1265K [0x05600000, 0x0cb20000, 0x100a0000)
  eden space 96000K,   0% used [0x05600000, 0x05600000, 0x0b3c0000)
  from space 11968K,  10% used [0x0bf70000, 0x0c0ac728, 0x0cb20000)
  to   space 11968K,   0% used [0x0b3c0000, 0x0b3c0000, 0x0bf70000)
 tenured generation   total 239736K, used 230570K [0x100a0000, 0x1eabe000, 0x25600000)
   the space 239736K,  96% used [0x100a0000, 0x1e1cab80, 0x1e1cac00, 0x1eabe000)
 Metaspace       used 20921K, capacity 21468K, committed 21760K, reserved 21888K
}
Event: 707168.615 GC heap before
{Heap before GC invocations=5464 (full 76):
 def new generation   total 107968K, used 97265K [0x05600000, 0x0cb20000, 0x100a0000)
  eden space 96000K, 100% used [0x05600000, 0x0b3c0000, 0x0b3c0000)
  from space 11968K,  10% used [0x0bf70000, 0x0c0ac728, 0x0cb20000)
  to   space 11968K,   0% used [0x0b3c0000, 0x0b3c0000, 0x0bf70000)
 tenured generation   total 239736K, used 230570K [0x100a0000, 0x1eabe000, 0x25600000)
   the space 239736K,  96% used [0x100a0000, 0x1e1cab80, 0x1e1cac00, 0x1eabe000)
 Metaspace       used 20921K, capacity 21468K, committed 21760K, reserved 21888K
Event: 707168.618 GC heap after
Heap after GC invocations=5465 (full 76):
 def new generation   total 107968K, used 1300K [0x05600000, 0x0cb20000, 0x100a0000)
  eden space 96000K,   0% used [0x05600000, 0x05600000, 0x0b3c0000)
  from space 11968K,  10% used [0x0b3c0000, 0x0b505248, 0x0bf70000)
  to   space 11968K,   0% used [0x0bf70000, 0x0bf70000, 0x0cb20000)
 tenured generation   total 239736K, used 230647K [0x100a0000, 0x1eabe000, 0x25600000)
   the space 239736K,  96% used [0x100a0000, 0x1e1ddea0, 0x1e1de000, 0x1eabe000)
 Metaspace       used 20921K, capacity 21468K, committed 21760K, reserved 21888K
}
Event: 707498.551 GC heap before
{Heap before GC invocations=5465 (full 76):
 def new generation   total 107968K, used 97300K [0x05600000, 0x0cb20000, 0x100a0000)
  eden space 96000K, 100% used [0x05600000, 0x0b3c0000, 0x0b3c0000)
  from space 11968K,  10% used [0x0b3c0000, 0x0b505248, 0x0bf70000)
  to   space 11968K,   0% used [0x0bf70000, 0x0bf70000, 0x0cb20000)
 tenured generation   total 239736K, used 230647K [0x100a0000, 0x1eabe000, 0x25600000)
   the space 239736K,  96% used [0x100a0000, 0x1e1ddea0, 0x1e1de000, 0x1eabe000)
 Metaspace       used 20921K, capacity 21468K, committed 21760K, reserved 21888K
Event: 707498.554 GC heap after
Heap after GC invocations=5466 (full 76):
 def new generation   total 107968K, used 1224K [0x05600000, 0x0cb20000, 0x100a0000)
  eden space 96000K,   0% used [0x05600000, 0x05600000, 0x0b3c0000)
  from space 11968K,  10% used [0x0bf70000, 0x0c0a2398, 0x0cb20000)
  to   space 11968K,   0% used [0x0b3c0000, 0x0b3c0000, 0x0bf70000)
 tenured generation   total 239736K, used 230747K [0x100a0000, 0x1eabe000, 0x25600000)
   the space 239736K,  96% used [0x100a0000, 0x1e1f6d68, 0x1e1f6e00, 0x1eabe000)
 Metaspace       used 20921K, capacity 21468K, committed 21760K, reserved 21888K
}
Event: 707823.365 GC heap before
{Heap before GC invocations=5466 (full 76):
 def new generation   total 107968K, used 97224K [0x05600000, 0x0cb20000, 0x100a0000)
  eden space 96000K, 100% used [0x05600000, 0x0b3c0000, 0x0b3c0000)
  from space 11968K,  10% used [0x0bf70000, 0x0c0a2398, 0x0cb20000)
  to   space 11968K,   0% used [0x0b3c0000, 0x0b3c0000, 0x0bf70000)
 tenured generation   total 239736K, used 230747K [0x100a0000, 0x1eabe000, 0x25600000)
   the space 239736K,  96% used [0x100a0000, 0x1e1f6d68, 0x1e1f6e00, 0x1eabe000)
 Metaspace       used 20921K, capacity 21468K, committed 21760K, reserved 21888K
Event: 707823.368 GC heap after
Heap after GC invocations=5467 (full 76):
 def new generation   total 107968K, used 1172K [0x05600000, 0x0cb20000, 0x100a0000)
  eden space 96000K,   0% used [0x05600000, 0x05600000, 0x0b3c0000)
  from space 11968K,   9% used [0x0b3c0000, 0x0b4e50f8, 0x0bf70000)
  to   space 11968K,   0% used [0x0bf70000, 0x0bf70000, 0x0cb20000)
 tenured generation   total 239736K, used 230838K [0x100a0000, 0x1eabe000, 0x25600000)
   the space 239736K,  96% used [0x100a0000, 0x1e20db40, 0x1e20dc00, 0x1eabe000)
 Metaspace       used 20921K, capacity 21468K, committed 21760K, reserved 21888K
}

Deoptimization events (0 events):
No events

Classes redefined (0 events):
No events

Internal exceptions (10 events):
Event: 632172.763 Thread 0x2a06c000 Exception <a 'java/io/IOException'> (0x093f40a8) thrown at [C:\workspace\8-2-build-windows-i586-cygwin\jdk8u191\11896\hotspot\src\share\vm\prims\jni.cpp, line 709]
Event: 632172.763 Thread 0x2a06c000 Exception <a 'java/io/IOException'> (0x093f4320) thrown at [C:\workspace\8-2-build-windows-i586-cygwin\jdk8u191\11896\hotspot\src\share\vm\prims\jni.cpp, line 709]
Event: 632172.763 Thread 0x2a06c000 Exception <a 'java/io/IOException'> (0x093f4598) thrown at [C:\workspace\8-2-build-windows-i586-cygwin\jdk8u191\11896\hotspot\src\share\vm\prims\jni.cpp, line 709]
Event: 632172.763 Thread 0x2a06c000 Exception <a 'java/io/IOException'> (0x093f4810) thrown at [C:\workspace\8-2-build-windows-i586-cygwin\jdk8u191\11896\hotspot\src\share\vm\prims\jni.cpp, line 709]
Event: 632172.763 Thread 0x2a06c000 Exception <a 'java/io/IOException'> (0x093f4a88) thrown at [C:\workspace\8-2-build-windows-i586-cygwin\jdk8u191\11896\hotspot\src\share\vm\prims\jni.cpp, line 709]
Event: 632172.763 Thread 0x2a06c000 Exception <a 'java/io/IOException'> (0x093f4cd0) thrown at [C:\workspace\8-2-build-windows-i586-cygwin\jdk8u191\11896\hotspot\src\share\vm\prims\jni.cpp, line 709]
Event: 632172.763 Thread 0x2a06c000 Exception <a 'java/io/IOException'> (0x093f4f18) thrown at [C:\workspace\8-2-build-windows-i586-cygwin\jdk8u191\11896\hotspot\src\share\vm\prims\jni.cpp, line 709]
Event: 632172.763 Thread 0x2a06c000 Exception <a 'java/io/IOException'> (0x093f5190) thrown at [C:\workspace\8-2-build-windows-i586-cygwin\jdk8u191\11896\hotspot\src\share\vm\prims\jni.cpp, line 709]
Event: 632172.763 Thread 0x2a06c000 Exception <a 'java/io/IOException'> (0x093f53d8) thrown at [C:\workspace\8-2-build-windows-i586-cygwin\jdk8u191\11896\hotspot\src\share\vm\prims\jni.cpp, line 709]
Event: 632172.763 Thread 0x2a06c000 Exception <a 'java/io/IOException'> (0x093f5620) thrown at [C:\workspace\8-2-build-windows-i586-cygwin\jdk8u191\11896\hotspot\src\share\vm\prims\jni.cpp, line 709]

Events (10 events):
Event: 706637.102 Executing VM operation: GenCollectForAllocation
Event: 706637.105 Executing VM operation: GenCollectForAllocation done
Event: 706888.611 Executing VM operation: GenCollectForAllocation
Event: 706888.614 Executing VM operation: GenCollectForAllocation done
Event: 707168.615 Executing VM operation: GenCollectForAllocation
Event: 707168.618 Executing VM operation: GenCollectForAllocation done
Event: 707498.551 Executing VM operation: GenCollectForAllocation
Event: 707498.554 Executing VM operation: GenCollectForAllocation done
Event: 707823.365 Executing VM operation: GenCollectForAllocation
Event: 707823.368 Executing VM operation: GenCollectForAllocation done


Dynamic libraries:
0x010d0000 - 0x01103000 	C:\Program Files (x86)\Arduino\java\bin\javaw.exe
0x774b0000 - 0x77640000 	C:\WINDOWS\SYSTEM32\ntdll.dll
0x75ef0000 - 0x75fd0000 	C:\WINDOWS\System32\KERNEL32.DLL
0x73e70000 - 0x74054000 	C:\WINDOWS\System32\KERNELBASE.dll
0x75a30000 - 0x75aa8000 	C:\WINDOWS\System32\ADVAPI32.dll
0x763e0000 - 0x7649f000 	C:\WINDOWS\System32\msvcrt.dll
0x75910000 - 0x75954000 	C:\WINDOWS\System32\sechost.dll
0x765c0000 - 0x76680000 	C:\WINDOWS\System32\RPCRT4.dll
0x73d70000 - 0x73d90000 	C:\WINDOWS\System32\SspiCli.dll
0x73d60000 - 0x73d6a000 	C:\WINDOWS\System32\CRYPTBASE.dll
0x76560000 - 0x765b8000 	C:\WINDOWS\System32\bcryptPrimitives.dll
0x75530000 - 0x756bd000 	C:\WINDOWS\System32\USER32.dll
0x75960000 - 0x75977000 	C:\WINDOWS\System32\win32u.dll
0x75a00000 - 0x75a22000 	C:\WINDOWS\System32\GDI32.dll
0x77100000 - 0x77264000 	C:\WINDOWS\System32\gdi32full.dll
0x77320000 - 0x7739d000 	C:\WINDOWS\System32\msvcp_win.dll
0x757f0000 - 0x7590d000 	C:\WINDOWS\System32\ucrtbase.dll
0x6bb10000 - 0x6bd14000 	C:\WINDOWS\WinSxS\x86_microsoft.windows.common-controls_6595b64144ccf1df_6.0.17134.829_none_42f3dc1e44dde2db\COMCTL32.dll
0x767f0000 - 0x76a4c000 	C:\WINDOWS\System32\combase.dll
0x741b0000 - 0x741d6000 	C:\WINDOWS\System32\IMM32.DLL
0x63770000 - 0x6382f000 	C:\Program Files (x86)\Arduino\java\bin\msvcr100.dll
0x5f750000 - 0x5fb23000 	C:\Program Files (x86)\Arduino\java\bin\client\jvm.dll
0x75ab0000 - 0x75ab6000 	C:\WINDOWS\System32\PSAPI.DLL
0x73c90000 - 0x73c98000 	C:\WINDOWS\SYSTEM32\VERSION.dll
0x73700000 - 0x73708000 	C:\WINDOWS\SYSTEM32\WSOCK32.dll
0x72ff0000 - 0x73014000 	C:\WINDOWS\SYSTEM32\WINMM.dll
0x77270000 - 0x772d7000 	C:\WINDOWS\System32\WS2_32.dll
0x73100000 - 0x73123000 	C:\WINDOWS\SYSTEM32\winmmbase.dll
0x772e0000 - 0x77319000 	C:\WINDOWS\System32\cfgmgr32.dll
0x69b20000 - 0x69b50000 	C:\Program Files (x86)\Arduino\java\bin\splashscreen.dll
0x70cf0000 - 0x70d6c000 	C:\WINDOWS\system32\uxtheme.dll
0x63760000 - 0x6376c000 	C:\Program Files (x86)\Arduino\java\bin\verify.dll
0x63730000 - 0x63752000 	C:\Program Files (x86)\Arduino\java\bin\java.dll
0x74060000 - 0x741a3000 	C:\WINDOWS\System32\MSCTF.dll
0x756c0000 - 0x75756000 	C:\WINDOWS\System32\OLEAUT32.dll
0x63710000 - 0x63724000 	C:\Program Files (x86)\Arduino\java\bin\zip.dll
0x76a50000 - 0x76a5f000 	C:\WINDOWS\System32\kernel.appcore.dll
0x661b0000 - 0x6622d000 	C:\WINDOWS\System32\TextInputFramework.dll
0x65f50000 - 0x661ad000 	C:\WINDOWS\System32\CoreUIComponents.dll
0x65ec0000 - 0x65f4b000 	C:\WINDOWS\System32\CoreMessaging.dll
0x76a60000 - 0x76ae8000 	C:\WINDOWS\System32\SHCORE.dll
0x73380000 - 0x733a9000 	C:\WINDOWS\SYSTEM32\ntmarta.dll
0x66900000 - 0x669d6000 	C:\WINDOWS\SYSTEM32\wintypes.dll
0x6bf20000 - 0x6bf43000 	C:\WINDOWS\system32\dwmapi.dll
0x741e0000 - 0x7552a000 	C:\WINDOWS\System32\SHELL32.dll
0x76b40000 - 0x770fa000 	C:\WINDOWS\System32\windows.storage.dll
0x75980000 - 0x759c5000 	C:\WINDOWS\System32\shlwapi.dll
0x773a0000 - 0x773b8000 	C:\WINDOWS\System32\profapi.dll
0x76af0000 - 0x76b35000 	C:\WINDOWS\System32\powrprof.dll
0x760d0000 - 0x760d8000 	C:\WINDOWS\System32\FLTLIB.DLL
0x61940000 - 0x619b3000 	C:\Program Files (x86)\Arduino\lib\listSerialsj.dll
0x75ac0000 - 0x75eeb000 	C:\WINDOWS\System32\SETUPAPI.dll
0x636f0000 - 0x6370d000 	C:\Program Files (x86)\Arduino\lib\jnidispatch-4.2.2-win32-x86.dll
0x76130000 - 0x7622c000 	C:\WINDOWS\System32\Ole32.dll
0x636d0000 - 0x636e5000 	C:\Program Files (x86)\Arduino\java\bin\net.dll
0x73540000 - 0x73596000 	C:\WINDOWS\system32\mswsock.dll
0x636c0000 - 0x636cf000 	C:\Program Files (x86)\Arduino\java\bin\nio.dll
0x63570000 - 0x636b7000 	C:\Program Files (x86)\Arduino\java\bin\awt.dll
0x63a40000 - 0x63add000 	C:\WINDOWS\SYSTEM32\apphelp.dll
0x63530000 - 0x63569000 	C:\Program Files (x86)\Arduino\java\bin\fontmanager.dll
0x5f670000 - 0x5f749000 	C:\WINDOWS\system32\opengl32.dll
0x634f0000 - 0x6352f000 	C:\WINDOWS\SYSTEM32\GLU32.dll
0x634b0000 - 0x634e2000 	C:\Program Files (x86)\Arduino\java\bin\t2k.dll
0x71ef0000 - 0x71f12000 	C:\WINDOWS\SYSTEM32\DEVOBJ.dll
0x760e0000 - 0x76127000 	C:\WINDOWS\System32\WINTRUST.dll
0x76230000 - 0x7623e000 	C:\WINDOWS\System32\MSASN1.dll
0x76240000 - 0x763d6000 	C:\WINDOWS\System32\CRYPT32.dll
0x73c40000 - 0x73c70000 	C:\WINDOWS\SYSTEM32\IPHLPAPI.DLL
0x760c0000 - 0x760c7000 	C:\WINDOWS\System32\NSI.dll
0x72c40000 - 0x72c53000 	C:\WINDOWS\SYSTEM32\dhcpcsvc6.DLL
0x72d80000 - 0x72d94000 	C:\WINDOWS\SYSTEM32\dhcpcsvc.DLL
0x73070000 - 0x730fe000 	C:\WINDOWS\SYSTEM32\DNSAPI.dll
0x72da0000 - 0x72dc1000 	C:\Program Files (x86)\Bonjour\mdnsNSP.dll
0x72d70000 - 0x72d78000 	C:\Windows\System32\rasadhlp.dll
0x72bf0000 - 0x72c3f000 	C:\WINDOWS\System32\fwpuclnt.dll
0x735f0000 - 0x73609000 	C:\WINDOWS\SYSTEM32\bcrypt.dll
0x63050000 - 0x630b9000 	C:\Program Files (x86)\Arduino\msvcp100.dll
0x5f5b0000 - 0x5f66e000 	C:\Program Files (x86)\Arduino\msvcr100.dll
0x05500000 - 0x05532000 	C:\Program Files (x86)\Arduino\lib\AStylej.dll
0x63020000 - 0x63044000 	C:\Program Files (x86)\Arduino\java\bin\dcpr.dll
0x75760000 - 0x757e3000 	C:\WINDOWS\System32\clbcatq.dll
0x6c5e0000 - 0x6c751000 	C:\WINDOWS\SYSTEM32\WindowsCodecs.dll
0x6a1e0000 - 0x6a22f000 	C:\WINDOWS\system32\dataexchange.dll
0x6b8b0000 - 0x6bb02000 	C:\WINDOWS\system32\d3d11.dll
0x6a0a0000 - 0x6a1dc000 	C:\WINDOWS\system32\dcomp.dll
0x6bf50000 - 0x6bfe8000 	C:\WINDOWS\system32\dxgi.dll
0x69f30000 - 0x6a095000 	C:\WINDOWS\system32\twinapi.appcore.dll
0x69f00000 - 0x69f21000 	C:\WINDOWS\system32\RMCLIENT.dll
0x712e0000 - 0x7136f000 	C:\WINDOWS\WinSxS\x86_microsoft.windows.common-controls_6595b64144ccf1df_5.82.17134.829_none_40fd202e4514233a\comctl32.dll
0x63000000 - 0x63020000 	C:\Program Files (x86)\Arduino\java\bin\sunec.dll
0x735d0000 - 0x735e3000 	C:\WINDOWS\SYSTEM32\CRYPTSP.dll
0x735a0000 - 0x735cf000 	C:\WINDOWS\system32\rsaenh.dll
0x73cb0000 - 0x73cd1000 	C:\WINDOWS\SYSTEM32\USERENV.dll
0x62ff0000 - 0x62ff9000 	C:\Program Files (x86)\Arduino\java\bin\sunmscapi.dll

VM Arguments:
jvm_args: -Dsun.java2d.d3d=false -Djna.nosys=true -Djna.nounpack=true -Djna.boot.library.name=jnidispatch-4.2.2-win32-x86 -Djna.boot.library.path=C:\Program Files (x86)\Arduino/lib -Djssc.library.path=C:\Program Files (x86)\Arduino/lib -DAPP_DIR=C:\Program Files (x86)\Arduino -Xms128M -Xmx512M 
java_command: processing.app.Base \\mntl-vlasov-srv.ad.uillinois.edu\Projects\Users\Ryan\Arduino\Day_1_Habituation\Day_1_Habituation.ino
java_class_path (initial): C:\Program Files (x86)\Arduino\lib\apple.jar;C:\Program Files (x86)\Arduino\lib\arduino-core.jar;C:\Program Files (x86)\Arduino\lib\batik-1.8.jar;C:\Program Files (x86)\Arduino\lib\batik-anim-1.8.jar;C:\Program Files (x86)\Arduino\lib\batik-awt-util-1.8.jar;C:\Program Files (x86)\Arduino\lib\batik-bridge-1.8.jar;C:\Program Files (x86)\Arduino\lib\batik-codec-1.8.jar;C:\Program Files (x86)\Arduino\lib\batik-css-1.8.jar;C:\Program Files (x86)\Arduino\lib\batik-dom-1.8.jar;C:\Program Files (x86)\Arduino\lib\batik-ext-1.8.jar;C:\Program Files (x86)\Arduino\lib\batik-gvt-1.8.jar;C:\Program Files (x86)\Arduino\lib\batik-parser-1.8.jar;C:\Program Files (x86)\Arduino\lib\batik-rasterizer-1.8.jar;C:\Program Files (x86)\Arduino\lib\batik-script-1.8.jar;C:\Program Files (x86)\Arduino\lib\batik-squiggle-1.8.jar;C:\Program Files (x86)\Arduino\lib\batik-svg-dom-1.8.jar;C:\Program Files (x86)\Arduino\lib\batik-svgpp-1.8.jar;C:\Program Files (x86)\Arduino\lib\batik-transcoder-1.8.jar;C:\Program Files (x86)\Arduino\lib\batik-util-1.8.jar;C:\Program Files (x86)\Arduino\lib\batik-xml-1.8.jar;C:\Program Files (x86)\Arduino\lib\bcpg-jdk15on-152.jar;C:\Program Files (x86)\Arduino\lib\bcprov-jdk15on-152.jar;C:\Program Files (x86)\Arduino\lib\commons-codec-1.7.jar;C:\Program Files (x86)\Arduino\lib\commons-compress-1.8.jar;C:\Program Files (x86)\Arduino\lib\commons-exec-1.1.jar;C:\Program Files (x86)\Arduino\lib\commons-httpclient-3.1.jar;C:\Program Files (x86)\Arduino\lib\commons-lang3-3.3.2.jar;C:\Program Files (x86)\Arduino\lib\commons-logging-1.0.4.jar;C:\Program Files (x86)\Arduino\lib\commons-net-3.3.jar;C:\Program Files (x86)\Arduino\lib\jackson-annotations-2.9.5.jar;C:\Program Files (x86)\Arduino\lib\jackson-core-2.9.5.jar;C:\Program Files (x86)\Arduino\lib\jackson-databind-2.9.5.jar;C:\Program Files (x86)\Arduino\lib\jackson-module-mrbean-2.9.5.jar;C:\Program Files (x86)\Arduino\lib\java-semver-0.8.0.jar;C:\Program Files (x86)\Arduino\lib\jmdns-3.5.3.j
Launcher Type: SUN_STANDARD

Environment Variables:
PATH=C:\Program Files\NorPix\NpxCodec;;C:\Program Files\Common Files\Norpix;C:\Program Files\Common Files\Norpix\Timesources;C:\Program Files\Common Files\Norpix\gpu;C:\Program Files\Common Files\Norpix\Devices\Andor;C:\Program Files\Common Files\Norpix\Devices\BaumerFW;C:\Program Files\Common Files\Norpix\Devices\Baumer2;C:\Program Files\Common Files\Norpix\Devices\Pco;C:\Program Files\NVIDIA GPU Computing Toolkit\CUDA\v10.0\bin;C:\Program Files\NVIDIA GPU Computing Toolkit\CUDA\v10.0\libnvvp;C:\Program Files\Basler\pylon 5\Runtime\Win32\;C:\Program Files\Basler\pylon 5\Runtime\x64\;C:\WINDOWS\system32;C:\WINDOWS;C:\WINDOWS\System32\Wbem;C:\WINDOWS\System32\WindowsPowerShell\v1.0\;C:\Program Files (x86)\IVI Foundation\VISA\WinNT\Bin\;C:\Program Files\IVI Foundation\VISA\Win64\Bin\;C:\Program Files (x86)\IVI Foundation\VISA\WinNT\Bin;C:\Program Files\MATLAB\R2018a\runtime\win64;C:\Program Files\MATLAB\R2018a\bin;C:\WINDOWS\System32\OpenSSH\;C:\Program Files\Point Grey Research\Spinnaker\bin64\vs2015;C:\Program Files\Point Grey Research\Spinnaker\bin\vs2015;C:\Program Files\TortoiseSVN\bin;C:\Program Files (x86)\NVIDIA Corporation\PhysX\Common;C:\Users\MNTL-VLASOV-ACCESS\AppData\Local\Microsoft\WindowsApps;C:\Users\MNTL-VLASOV-ACCESS\AppData\Local\Programs\Git\cmd;C:\Users\MNTL-VLASOV-ACCESS\AppData\Local\Programs\Python\Python36\Scripts;C:\Users\MNTL-VLASOV-ACCESS\AppData\Local\Programs\Python\Python36;C:\Program Files\Thorlabs\Kinesis;;C:\Program Files (x86)\Arduino\java\bin
USERNAME=mntl-vlasov-access
OS=Windows_NT
PROCESSOR_IDENTIFIER=Intel64 Family 6 Model 63 Stepping 2, GenuineIntel



---------------  S Y S T E M  ---------------

OS: Windows 10.0 , 64 bit Build 17134 (10.0.17134.753)

CPU:total 16 (initial active 16) (4 cores per cpu, 2 threads per core) family 6 model 63 stepping 2, cmov, cx8, fxsr, mmx, sse, sse2, sse3, ssse3, sse4.1, sse4.2, popcnt, avx, avx2, aes, clmul, erms, lzcnt, ht, tsc, tscinvbit, bmi1, bmi2

Memory: 4k page, physical 16681308k(9494864k free), swap 19171676k(10660140k free)

vm_info: Java HotSpot(TM) Client VM (25.191-b12) for windows-x86 JRE (1.8.0_191-b12), built on Oct  6 2018 08:34:23 by "java_re" with MS VC++ 10.0 (VS2010)

time: Wed Aug 07 18:29:37 2019
elapsed time: 708011 seconds (8d 4h 40m 11s)

